python/01_pandas.py
python/aparna_error.py
python/balajim.py
python/coll_counter.py
python/config_from_user_json.py
python/data_prep.py
python/dict_df.csv
python/fast_match_replace_text.py
python/flask_sec.py
python/func_naveen.py
python/gen_grams.py
python/get_config_from_user.py
python/get_last_number.py
python/john_str_processing.py
python/logger_vini.py
python/loops.py
python/naveen_od.py
python/os_thanga.py
python/print_sathish.py
python/problem_vini.py
python/sample.txt
python/sanjay_01.py
python/santosh_dic.py
python/say_no_to_concat.py
python/send_mail.py
python/set_python_sohail.py
python/split_bills_suresh.py
python/suresh_format.py
python/time_bill_suresh.py
python/ts_str.py
python/tuples_krithi.py
python/under_score.py
python/vini_fill_from_df.py
python/vini_hexa.py
python/vini_sql_replace.py
python/vinithac1.py
python/vinithac2.py
python/viniwork.py
